<html>
<head>
<title>TestNG:  HGA7NY13</title>
<link href="../testng.css" rel="stylesheet" type="text/css" />
<link href="../my-testng.css" rel="stylesheet" type="text/css" />

<style type="text/css">
.log { display: none;} 
.stack-trace { display: none;} 
</style>
<script type="text/javascript">
<!--
function flip(e) {
  current = e.style.display;
  if (current == 'block') {
    e.style.display = 'none';
    return 0;
  }
  else {
    e.style.display = 'block';
    return 1;
  }
}

function toggleBox(szDivId, elem, msg1, msg2)
{
  var res = -1;  if (document.getElementById) {
    res = flip(document.getElementById(szDivId));
  }
  else if (document.all) {
    // this is the way old msie versions work
    res = flip(document.all[szDivId]);
  }
  if(elem) {
    if(res == 0) elem.innerHTML = msg1; else elem.innerHTML = msg2;
  }

}

function toggleAllBoxes() {
  if (document.getElementsByTagName) {
    d = document.getElementsByTagName('div');
    for (i = 0; i < d.length; i++) {
      if (d[i].className == 'log') {
        flip(d[i]);
      }
    }
  }
}

// -->
</script>

</head>
<body>
<h2 align='center'>HGA7NY13</h2><table border='1' align="center">
<tr>
<td>Tests passed/Failed/Skipped:</td><td>6/2/0</td>
</tr><tr>
<td>Started on:</td><td>Thu Aug 17 17:47:34 CST 2017</td>
</tr>
<tr><td>Total time:</td><td>401 seconds (401353 ms)</td>
</tr><tr>
<td>Included groups:</td><td></td>
</tr><tr>
<td>Excluded groups:</td><td></td>
</tr>
</table><p/>
<small><i>(Hover the method name to see the test class name)</i></small><p/>
<table width='100%' border='1' class='invocation-failed'>
<tr><td colspan='4' align='center'><b>FAILED TESTS</b></td></tr>
<tr><td><b>Test method</b></td>
<td width="30%"><b>Exception</b></td>
<td width="10%"><b>Time (seconds)</b></td>
<td><b>Instance</b></td>
</tr>
<tr>
<td title='cn.crazy.appium.testcases.PerInfoTest.changePerInfoTest()'><b>changePerInfoTest</b><br>Test class: cn.crazy.appium.testcases.PerInfoTest</td>
<td><div><pre>java.lang.NullPointerException
	at cn.crazy.appium.base.AndroidDriverBase.swipeOnElement(AndroidDriverBase.java:180)
	at cn.crazy.appium.base.AndroidDriverBase.swipeOnElement(AndroidDriverBase.java:198)
	at cn.crazy.appium.page.PerInfoPage.changePersonInfo(PerInfoPage.java:50)
	at cn.crazy.appium.testcases.PerInfoTest.changePerInfoTest(PerInfoTest.java:47)
	at java.util.concurrent.FutureTask.run(FutureTask.java:266)
	at java.util.concurrent.ThreadPoolExecutor.runWorker(ThreadPoolExecutor.java:1142)
	at java.util.concurrent.ThreadPoolExecutor$Worker.run(ThreadPoolExecutor.java:617)
	at java.lang.Thread.run(Thread.java:748)
... Removed 16 stack frames</pre></div><a href='#' onClick='toggleBox("stack-trace20401382", this, "Click to show all stack frames", "Click to hide stack frames")'>Click to show all stack frames</a>
<div class='stack-trace' id='stack-trace20401382'><pre>java.lang.NullPointerException
	at cn.crazy.appium.base.AndroidDriverBase.swipeOnElement(AndroidDriverBase.java:180)
	at cn.crazy.appium.base.AndroidDriverBase.swipeOnElement(AndroidDriverBase.java:198)
	at cn.crazy.appium.page.PerInfoPage.changePersonInfo(PerInfoPage.java:50)
	at cn.crazy.appium.testcases.PerInfoTest.changePerInfoTest(PerInfoTest.java:47)
	at sun.reflect.NativeMethodAccessorImpl.invoke0(Native Method)
	at sun.reflect.NativeMethodAccessorImpl.invoke(NativeMethodAccessorImpl.java:62)
	at sun.reflect.DelegatingMethodAccessorImpl.invoke(DelegatingMethodAccessorImpl.java:43)
	at java.lang.reflect.Method.invoke(Method.java:498)
	at org.testng.internal.MethodInvocationHelper.invokeMethod(MethodInvocationHelper.java:86)
	at org.testng.internal.Invoker.invokeMethod(Invoker.java:643)
	at org.testng.internal.Invoker.invokeTestMethod(Invoker.java:820)
	at org.testng.internal.Invoker.invokeTestMethods(Invoker.java:1128)
	at org.testng.internal.TestMethodWorker.invokeTestMethods(TestMethodWorker.java:129)
	at org.testng.internal.TestMethodWorker.run(TestMethodWorker.java:112)
	at org.testng.TestRunner.privateRun(TestRunner.java:782)
	at org.testng.TestRunner.run(TestRunner.java:632)
	at org.testng.SuiteRunner.runTest(SuiteRunner.java:366)
	at org.testng.SuiteRunner.access$000(SuiteRunner.java:39)
	at org.testng.SuiteRunner$SuiteWorker.run(SuiteRunner.java:400)
	at org.testng.internal.thread.ThreadUtil$2.call(ThreadUtil.java:64)
	at java.util.concurrent.FutureTask.run(FutureTask.java:266)
	at java.util.concurrent.ThreadPoolExecutor.runWorker(ThreadPoolExecutor.java:1142)
	at java.util.concurrent.ThreadPoolExecutor$Worker.run(ThreadPoolExecutor.java:617)
	at java.lang.Thread.run(Thread.java:748)
</pre></div></td>
<td>144</td>
<td>cn.crazy.appium.testcases.PerInfoTest@1814d18</td></tr>
<tr>
<td title='cn.crazy.appium.testcases.RegTest1.regCase()'><b>regCase</b><br>Test class: cn.crazy.appium.testcases.RegTest1</td>
<td><div><pre>org.openqa.selenium.NoSuchElementException: An element could not be located on the page using the given search parameters. (WARNING: The server did not provide any stacktrace information)
Command duration or timeout: 11.67 seconds
For documentation on this error, please visit: http://seleniumhq.org/exceptions/no_such_element.html
Build info: version: &apos;2.53.0&apos;, revision: &apos;35ae25b1534ae328c771e0856c93e187490ca824&apos;, time: &apos;2016-03-15 10:43:46&apos;
System info: host: &apos;HYM-PC&apos;, ip: &apos;192.168.0.166&apos;, os.name: &apos;Windows 7&apos;, os.arch: &apos;x86&apos;, os.version: &apos;6.1&apos;, java.version: &apos;1.8.0_131&apos;
Driver info: cn.crazy.appium.base.AndroidDriverBase
Capabilities [{app=G:\Users\HYM\Desktop\FlyBand.apk, appPackage=com.createbest.app.a16.flyband, networkConnectionEnabled=true, noSign=true, warnings={}, databaseEnabled=false, deviceName=HGA7N5BS, platform=LINUX, appActivity=com.cb.a16.guide.WelcomeActivity, desired={app=G:\Users\HYM\Desktop\FlyBand.apk, appPackage=com.createbest.app.a16.flyband, appActivity=com.cb.a16.guide.WelcomeActivity, noSign=true, newCommandTimeout=600, unicodeKeyboard=true, udid=HGA7N5BS, platformName=Android, deviceName=devicename, resetKeyboard=true}, newCommandTimeout=600, platformVersion=5.1, webStorageEnabled=false, locationContextEnabled=false, browserName=Android, takesScreenshot=true, javascriptEnabled=true, unicodeKeyboard=true, udid=HGA7N5BS, platformName=Android, resetKeyboard=true}]
Session ID: ebac5b65-4435-4c89-a6cb-3cd2ae4aa5c2
	at org.openqa.selenium.remote.ErrorHandler.createThrowable(ErrorHandler.java:206)
	at org.openqa.selenium.remote.ErrorHandler.throwIfResponseFailed(ErrorHandler.java:158)
	at org.openqa.selenium.remote.RemoteWebDriver.execute(RemoteWebDriver.java:678)
	at io.appium.java_client.DefaultGenericMobileDriver.execute(DefaultGenericMobileDriver.java:43)
	at io.appium.java_client.AppiumDriver.execute(AppiumDriver.java:1)
	at io.appium.java_client.android.AndroidDriver.execute(AndroidDriver.java:1)
	at cn.crazy.appium.base.AndroidDriverBase.execute(AndroidDriverBase.java:1)
	at org.openqa.selenium.remote.RemoteWebElement.execute(RemoteWebElement.java:327)
	at io.appium.java_client.DefaultGenericMobileElement.execute(DefaultGenericMobileElement.java:37)
	at io.appium.java_client.MobileElement.execute(MobileElement.java:1)
	at io.appium.java_client.android.AndroidElement.execute(AndroidElement.java:1)
	at org.openqa.selenium.remote.RemoteWebElement.click(RemoteWebElement.java:85)
	at cn.crazy.appium.page.BasePage.click(BasePage.java:46)
	at cn.crazy.appium.page.BasePage.click(BasePage.java:54)
	at cn.crazy.appium.page.RegPage.regTestCase(RegPage.java:22)
	at cn.crazy.appium.testcases.RegTest1.regCase(RegTest1.java:25)
	at java.util.concurrent.FutureTask.run(FutureTask.java:266)
	at java.util.concurrent.ThreadPoolExecutor.runWorker(ThreadPoolExecutor.java:1142)
	at java.util.concurrent.ThreadPoolExecutor$Worker.run(ThreadPoolExecutor.java:617)
	at java.lang.Thread.run(Thread.java:748)
... Removed 20 stack frames</pre></div><a href='#' onClick='toggleBox("stack-trace13814368", this, "Click to show all stack frames", "Click to hide stack frames")'>Click to show all stack frames</a>
<div class='stack-trace' id='stack-trace13814368'><pre>org.openqa.selenium.NoSuchElementException: An element could not be located on the page using the given search parameters. (WARNING: The server did not provide any stacktrace information)
Command duration or timeout: 11.67 seconds
For documentation on this error, please visit: http://seleniumhq.org/exceptions/no_such_element.html
Build info: version: &apos;2.53.0&apos;, revision: &apos;35ae25b1534ae328c771e0856c93e187490ca824&apos;, time: &apos;2016-03-15 10:43:46&apos;
System info: host: &apos;HYM-PC&apos;, ip: &apos;192.168.0.166&apos;, os.name: &apos;Windows 7&apos;, os.arch: &apos;x86&apos;, os.version: &apos;6.1&apos;, java.version: &apos;1.8.0_131&apos;
Driver info: cn.crazy.appium.base.AndroidDriverBase
Capabilities [{app=G:\Users\HYM\Desktop\FlyBand.apk, appPackage=com.createbest.app.a16.flyband, networkConnectionEnabled=true, noSign=true, warnings={}, databaseEnabled=false, deviceName=HGA7N5BS, platform=LINUX, appActivity=com.cb.a16.guide.WelcomeActivity, desired={app=G:\Users\HYM\Desktop\FlyBand.apk, appPackage=com.createbest.app.a16.flyband, appActivity=com.cb.a16.guide.WelcomeActivity, noSign=true, newCommandTimeout=600, unicodeKeyboard=true, udid=HGA7N5BS, platformName=Android, deviceName=devicename, resetKeyboard=true}, newCommandTimeout=600, platformVersion=5.1, webStorageEnabled=false, locationContextEnabled=false, browserName=Android, takesScreenshot=true, javascriptEnabled=true, unicodeKeyboard=true, udid=HGA7N5BS, platformName=Android, resetKeyboard=true}]
Session ID: ebac5b65-4435-4c89-a6cb-3cd2ae4aa5c2
	at sun.reflect.NativeConstructorAccessorImpl.newInstance0(Native Method)
	at sun.reflect.NativeConstructorAccessorImpl.newInstance(NativeConstructorAccessorImpl.java:62)
	at sun.reflect.DelegatingConstructorAccessorImpl.newInstance(DelegatingConstructorAccessorImpl.java:45)
	at java.lang.reflect.Constructor.newInstance(Constructor.java:423)
	at org.openqa.selenium.remote.ErrorHandler.createThrowable(ErrorHandler.java:206)
	at org.openqa.selenium.remote.ErrorHandler.throwIfResponseFailed(ErrorHandler.java:158)
	at org.openqa.selenium.remote.RemoteWebDriver.execute(RemoteWebDriver.java:678)
	at io.appium.java_client.DefaultGenericMobileDriver.execute(DefaultGenericMobileDriver.java:43)
	at io.appium.java_client.AppiumDriver.execute(AppiumDriver.java:1)
	at io.appium.java_client.android.AndroidDriver.execute(AndroidDriver.java:1)
	at cn.crazy.appium.base.AndroidDriverBase.execute(AndroidDriverBase.java:1)
	at org.openqa.selenium.remote.RemoteWebElement.execute(RemoteWebElement.java:327)
	at io.appium.java_client.DefaultGenericMobileElement.execute(DefaultGenericMobileElement.java:37)
	at io.appium.java_client.MobileElement.execute(MobileElement.java:1)
	at io.appium.java_client.android.AndroidElement.execute(AndroidElement.java:1)
	at org.openqa.selenium.remote.RemoteWebElement.click(RemoteWebElement.java:85)
	at cn.crazy.appium.page.BasePage.click(BasePage.java:46)
	at cn.crazy.appium.page.BasePage.click(BasePage.java:54)
	at cn.crazy.appium.page.RegPage.regTestCase(RegPage.java:22)
	at cn.crazy.appium.testcases.RegTest1.regCase(RegTest1.java:25)
	at sun.reflect.NativeMethodAccessorImpl.invoke0(Native Method)
	at sun.reflect.NativeMethodAccessorImpl.invoke(NativeMethodAccessorImpl.java:62)
	at sun.reflect.DelegatingMethodAccessorImpl.invoke(DelegatingMethodAccessorImpl.java:43)
	at java.lang.reflect.Method.invoke(Method.java:498)
	at org.testng.internal.MethodInvocationHelper.invokeMethod(MethodInvocationHelper.java:86)
	at org.testng.internal.Invoker.invokeMethod(Invoker.java:643)
	at org.testng.internal.Invoker.invokeTestMethod(Invoker.java:820)
	at org.testng.internal.Invoker.invokeTestMethods(Invoker.java:1128)
	at org.testng.internal.TestMethodWorker.invokeTestMethods(TestMethodWorker.java:129)
	at org.testng.internal.TestMethodWorker.run(TestMethodWorker.java:112)
	at org.testng.TestRunner.privateRun(TestRunner.java:782)
	at org.testng.TestRunner.run(TestRunner.java:632)
	at org.testng.SuiteRunner.runTest(SuiteRunner.java:366)
	at org.testng.SuiteRunner.access$000(SuiteRunner.java:39)
	at org.testng.SuiteRunner$SuiteWorker.run(SuiteRunner.java:400)
	at org.testng.internal.thread.ThreadUtil$2.call(ThreadUtil.java:64)
	at java.util.concurrent.FutureTask.run(FutureTask.java:266)
	at java.util.concurrent.ThreadPoolExecutor.runWorker(ThreadPoolExecutor.java:1142)
	at java.util.concurrent.ThreadPoolExecutor$Worker.run(ThreadPoolExecutor.java:617)
	at java.lang.Thread.run(Thread.java:748)
</pre></div></td>
<td>21</td>
<td>cn.crazy.appium.testcases.RegTest1@5a1b69</td></tr>
</table><p>
<table width='100%' border='1' class='invocation-passed'>
<tr><td colspan='4' align='center'><b>PASSED TESTS</b></td></tr>
<tr><td><b>Test method</b></td>
<td width="30%"><b>Exception</b></td>
<td width="10%"><b>Time (seconds)</b></td>
<td><b>Instance</b></td>
</tr>
<tr>
<td title='cn.crazy.appium.testcases.ZhihuTest.login()'><b>login</b><br>Test class: cn.crazy.appium.testcases.ZhihuTest<br>Parameters: 1, 登录密码错误, 13510526236, 123456789, 快速登录, pwderror.png</td>
<td></td>
<td>24</td>
<td>cn.crazy.appium.testcases.ZhihuTest@10694f1</td></tr>
<tr>
<td title='cn.crazy.appium.testcases.ZhihuTest.login()'><b>login</b><br>Test class: cn.crazy.appium.testcases.ZhihuTest<br>Parameters: 2, 登录用户名错误, 465498434865, 123456, 快速登录, usererror.png</td>
<td></td>
<td>24</td>
<td>cn.crazy.appium.testcases.ZhihuTest@10694f1</td></tr>
<tr>
<td title='cn.crazy.appium.testcases.ZhihuTest.login()'><b>login</b><br>Test class: cn.crazy.appium.testcases.ZhihuTest<br>Parameters: 3, 用户名密码为中文, 你好啊, 水电费, 快速登录, pwduserch.png</td>
<td></td>
<td>24</td>
<td>cn.crazy.appium.testcases.ZhihuTest@10694f1</td></tr>
<tr>
<td title='cn.crazy.appium.testcases.ZhihuTest.login()'><b>login</b><br>Test class: cn.crazy.appium.testcases.ZhihuTest<br>Parameters: 4, 用户密码为空, null, null, 快速登录, pwdempty.png</td>
<td></td>
<td>32</td>
<td>cn.crazy.appium.testcases.ZhihuTest@10694f1</td></tr>
<tr>
<td title='cn.crazy.appium.testcases.ZhihuTest.login()'><b>login</b><br>Test class: cn.crazy.appium.testcases.ZhihuTest<br>Parameters: 5, 用户名密码过长, 65461346543467600000000000000000000000000, 876873416343134000000000000000000000000, 快速登录, pwduserlong.png</td>
<td></td>
<td>25</td>
<td>cn.crazy.appium.testcases.ZhihuTest@10694f1</td></tr>
<tr>
<td title='cn.crazy.appium.testcases.ZhihuTest.login()'><b>login</b><br>Test class: cn.crazy.appium.testcases.ZhihuTest<br>Parameters: 6, 用户名密码正确, 13510526236, 1234567, 停止, success.png</td>
<td></td>
<td>35</td>
<td>cn.crazy.appium.testcases.ZhihuTest@10694f1</td></tr>
</table><p>
</body>
</html>