<?xml version="1.0" encoding="UTF-8"?>
<testsuite name="HGA7NY13"
           tests="1"
           failures="1"
           errors="0"
           skipped="0"
           time="21.390">
  <properties />
            <testcase name="regCase" time="21.390" classname="cn.crazy.appium.testcases.RegTest1">
                <failure type="org.openqa.selenium.NoSuchElementException"
                  message="An element could not be located on the page using the given search parameters. (WARNING: The server did not provide any stacktrace information)
Command duration or timeout: 11.67 seconds
For documentation on this error, please visit: http://seleniumhq.org/exceptions/no_such_element.html
Build info: version: &apos;2.53.0&apos;, revision: &apos;35ae25b1534ae328c771e0856c93e187490ca824&apos;, time: &apos;2016-03-15 10:43:46&apos;
System info: host: &apos;HYM-PC&apos;, ip: &apos;192.168.0.166&apos;, os.name: &apos;Windows 7&apos;, os.arch: &apos;x86&apos;, os.version: &apos;6.1&apos;, java.version: &apos;1.8.0_131&apos;
Driver info: cn.crazy.appium.base.AndroidDriverBase
Capabilities [{app=G:\Users\HYM\Desktop\FlyBand.apk, appPackage=com.createbest.app.a16.flyband, networkConnectionEnabled=true, noSign=true, warnings={}, databaseEnabled=false, deviceName=HGA7N5BS, platform=LINUX, appActivity=com.cb.a16.guide.WelcomeActivity, desired={app=G:\Users\HYM\Desktop\FlyBand.apk, appPackage=com.createbest.app.a16.flyband, appActivity=com.cb.a16.guide.WelcomeActivity, noSign=true, newCommandTimeout=600, unicodeKeyboard=true, udid=HGA7N5BS, platformName=Android, deviceName=devicename, resetKeyboard=true}, newCommandTimeout=600, platformVersion=5.1, webStorageEnabled=false, locationContextEnabled=false, browserName=Android, takesScreenshot=true, javascriptEnabled=true, unicodeKeyboard=true, udid=HGA7N5BS, platformName=Android, resetKeyboard=true}]
Session ID: ebac5b65-4435-4c89-a6cb-3cd2ae4aa5c2"
              >
<![CDATA[org.openqa.selenium.NoSuchElementException: An element could not be located on the page using the given search parameters. (WARNING: The server did not provide any stacktrace information)
Command duration or timeout: 11.67 seconds
For documentation on this error, please visit: http://seleniumhq.org/exceptions/no_such_element.html
Build info: version: '2.53.0', revision: '35ae25b1534ae328c771e0856c93e187490ca824', time: '2016-03-15 10:43:46'
System info: host: 'HYM-PC', ip: '192.168.0.166', os.name: 'Windows 7', os.arch: 'x86', os.version: '6.1', java.version: '1.8.0_131'
Driver info: cn.crazy.appium.base.AndroidDriverBase
Capabilities [{app=G:\Users\HYM\Desktop\FlyBand.apk, appPackage=com.createbest.app.a16.flyband, networkConnectionEnabled=true, noSign=true, warnings={}, databaseEnabled=false, deviceName=HGA7N5BS, platform=LINUX, appActivity=com.cb.a16.guide.WelcomeActivity, desired={app=G:\Users\HYM\Desktop\FlyBand.apk, appPackage=com.createbest.app.a16.flyband, appActivity=com.cb.a16.guide.WelcomeActivity, noSign=true, newCommandTimeout=600, unicodeKeyboard=true, udid=HGA7N5BS, platformName=Android, deviceName=devicename, resetKeyboard=true}, newCommandTimeout=600, platformVersion=5.1, webStorageEnabled=false, locationContextEnabled=false, browserName=Android, takesScreenshot=true, javascriptEnabled=true, unicodeKeyboard=true, udid=HGA7N5BS, platformName=Android, resetKeyboard=true}]
Session ID: ebac5b65-4435-4c89-a6cb-3cd2ae4aa5c2
  sun.reflect.NativeConstructorAccessorImpl.newInstance0(Native Method)
  sun.reflect.NativeConstructorAccessorImpl.newInstance(NativeConstructorAccessorImpl.java:62)
  sun.reflect.DelegatingConstructorAccessorImpl.newInstance(DelegatingConstructorAccessorImpl.java:45)
  java.lang.reflect.Constructor.newInstance(Constructor.java:423)
  org.openqa.selenium.remote.ErrorHandler.createThrowable(ErrorHandler.java:206)
  org.openqa.selenium.remote.ErrorHandler.throwIfResponseFailed(ErrorHandler.java:158)
  org.openqa.selenium.remote.RemoteWebDriver.execute(RemoteWebDriver.java:678)
  io.appium.java_client.DefaultGenericMobileDriver.execute(DefaultGenericMobileDriver.java:43)
  io.appium.java_client.AppiumDriver.execute(AppiumDriver.java:1)
  io.appium.java_client.android.AndroidDriver.execute(AndroidDriver.java:1)
  cn.crazy.appium.base.AndroidDriverBase.execute(AndroidDriverBase.java:1)
  org.openqa.selenium.remote.RemoteWebElement.execute(RemoteWebElement.java:327)
  io.appium.java_client.DefaultGenericMobileElement.execute(DefaultGenericMobileElement.java:37)
  io.appium.java_client.MobileElement.execute(MobileElement.java:1)
  io.appium.java_client.android.AndroidElement.execute(AndroidElement.java:1)
  org.openqa.selenium.remote.RemoteWebElement.click(RemoteWebElement.java:85)
  cn.crazy.appium.page.BasePage.click(BasePage.java:46)
  cn.crazy.appium.page.BasePage.click(BasePage.java:54)
  cn.crazy.appium.page.RegPage.regTestCase(RegPage.java:22)
  cn.crazy.appium.testcases.RegTest1.regCase(RegTest1.java:25)
  sun.reflect.NativeMethodAccessorImpl.invoke0(Native Method)
  sun.reflect.NativeMethodAccessorImpl.invoke(NativeMethodAccessorImpl.java:62)
  sun.reflect.DelegatingMethodAccessorImpl.invoke(DelegatingMethodAccessorImpl.java:43)
  java.lang.reflect.Method.invoke(Method.java:498)
  org.testng.internal.MethodInvocationHelper.invokeMethod(MethodInvocationHelper.java:86)
  org.testng.internal.Invoker.invokeMethod(Invoker.java:643)
  org.testng.internal.Invoker.invokeTestMethod(Invoker.java:820)
  org.testng.internal.Invoker.invokeTestMethods(Invoker.java:1128)
  org.testng.internal.TestMethodWorker.invokeTestMethods(TestMethodWorker.java:129)
  org.testng.internal.TestMethodWorker.run(TestMethodWorker.java:112)
  org.testng.TestRunner.privateRun(TestRunner.java:782)
  org.testng.TestRunner.run(TestRunner.java:632)
  org.testng.SuiteRunner.runTest(SuiteRunner.java:366)
  org.testng.SuiteRunner.access$000(SuiteRunner.java:39)
  org.testng.SuiteRunner$SuiteWorker.run(SuiteRunner.java:400)
  org.testng.internal.thread.ThreadUtil$2.call(ThreadUtil.java:64)
  java.util.concurrent.FutureTask.run(FutureTask.java:266)
  java.util.concurrent.ThreadPoolExecutor.runWorker(ThreadPoolExecutor.java:1142)
  java.util.concurrent.ThreadPoolExecutor$Worker.run(ThreadPoolExecutor.java:617)
  java.lang.Thread.run(Thread.java:748)
]]>
      </failure>

          </testcase>
  
  
  
</testsuite>
