<?xml version="1.0" encoding="UTF-8"?>
<!-- Generated by org.testng.reporters.JUnitReportReporter -->
<testsuite hostname="HYM-PC" name="cn.crazy.appium.testcases.RegTest1" tests="2" failures="0" timestamp="17 Aug 2017 09:54:21 GMT" time="55.422" errors="1">
  <testcase name="regCase" time="34.032" classname="cn.crazy.appium.testcases.RegTest1"/>
  <testcase name="regCase" time="21.390" classname="cn.crazy.appium.testcases.RegTest1">
    <error type="org.openqa.selenium.NoSuchElementException" message="An element could not be located on the page using the given search parameters. (WARNING: The server did not provide any stacktrace information)
Command duration or timeout: 11.67 seconds
For documentation on this error, please visit: http://seleniumhq.org/exceptions/no_such_element.html
Build info: version: &#039;2.53.0&#039;, revision: &#039;35ae25b1534ae328c771e0856c93e187490ca824&#039;, time: &#039;2016-03-15 10:43:46&#039;
System info: host: &#039;HYM-PC&#039;, ip: &#039;192.168.0.166&#039;, os.name: &#039;Windows 7&#039;, os.arch: &#039;x86&#039;, os.version: &#039;6.1&#039;, java.version: &#039;1.8.0_131&#039;
Driver info: cn.crazy.appium.base.AndroidDriverBase
Capabilities [{app=G:\Users\HYM\Desktop\FlyBand.apk, appPackage=com.createbest.app.a16.flyband, networkConnectionEnabled=true, noSign=true, warnings={}, databaseEnabled=false, deviceName=HGA7N5BS, platform=LINUX, appActivity=com.cb.a16.guide.WelcomeActivity, desired={app=G:\Users\HYM\Desktop\FlyBand.apk, appPackage=com.createbest.app.a16.flyband, appActivity=com.cb.a16.guide.WelcomeActivity, noSign=true, newCommandTimeout=600, unicodeKeyboard=true, udid=HGA7N5BS, platformName=Android, deviceName=devicename, resetKeyboard=true}, newCommandTimeout=600, platformVersion=5.1, webStorageEnabled=false, locationContextEnabled=false, browserName=Android, takesScreenshot=true, javascriptEnabled=true, unicodeKeyboard=true, udid=HGA7N5BS, platformName=Android, resetKeyboard=true}]
Session ID: ebac5b65-4435-4c89-a6cb-3cd2ae4aa5c2">
      <![CDATA[org.openqa.selenium.NoSuchElementException: An element could not be located on the page using the given search parameters. (WARNING: The server did not provide any stacktrace information)
Command duration or timeout: 11.67 seconds
For documentation on this error, please visit: http://seleniumhq.org/exceptions/no_such_element.html
Build info: version: '2.53.0', revision: '35ae25b1534ae328c771e0856c93e187490ca824', time: '2016-03-15 10:43:46'
System info: host: 'HYM-PC', ip: '192.168.0.166', os.name: 'Windows 7', os.arch: 'x86', os.version: '6.1', java.version: '1.8.0_131'
Driver info: cn.crazy.appium.base.AndroidDriverBase
Capabilities [{app=G:\Users\HYM\Desktop\FlyBand.apk, appPackage=com.createbest.app.a16.flyband, networkConnectionEnabled=true, noSign=true, warnings={}, databaseEnabled=false, deviceName=HGA7N5BS, platform=LINUX, appActivity=com.cb.a16.guide.WelcomeActivity, desired={app=G:\Users\HYM\Desktop\FlyBand.apk, appPackage=com.createbest.app.a16.flyband, appActivity=com.cb.a16.guide.WelcomeActivity, noSign=true, newCommandTimeout=600, unicodeKeyboard=true, udid=HGA7N5BS, platformName=Android, deviceName=devicename, resetKeyboard=true}, newCommandTimeout=600, platformVersion=5.1, webStorageEnabled=false, locationContextEnabled=false, browserName=Android, takesScreenshot=true, javascriptEnabled=true, unicodeKeyboard=true, udid=HGA7N5BS, platformName=Android, resetKeyboard=true}]
Session ID: ebac5b65-4435-4c89-a6cb-3cd2ae4aa5c2
	at sun.reflect.NativeConstructorAccessorImpl.newInstance0(Native Method)
	at sun.reflect.NativeConstructorAccessorImpl.newInstance(NativeConstructorAccessorImpl.java:62)
	at sun.reflect.DelegatingConstructorAccessorImpl.newInstance(DelegatingConstructorAccessorImpl.java:45)
	at java.lang.reflect.Constructor.newInstance(Constructor.java:423)
	at org.openqa.selenium.remote.ErrorHandler.createThrowable(ErrorHandler.java:206)
	at org.openqa.selenium.remote.ErrorHandler.throwIfResponseFailed(ErrorHandler.java:158)
	at org.openqa.selenium.remote.RemoteWebDriver.execute(RemoteWebDriver.java:678)
	at io.appium.java_client.DefaultGenericMobileDriver.execute(DefaultGenericMobileDriver.java:43)
	at io.appium.java_client.AppiumDriver.execute(AppiumDriver.java:1)
	at io.appium.java_client.android.AndroidDriver.execute(AndroidDriver.java:1)
	at cn.crazy.appium.base.AndroidDriverBase.execute(AndroidDriverBase.java:1)
	at org.openqa.selenium.remote.RemoteWebElement.execute(RemoteWebElement.java:327)
	at io.appium.java_client.DefaultGenericMobileElement.execute(DefaultGenericMobileElement.java:37)
	at io.appium.java_client.MobileElement.execute(MobileElement.java:1)
	at io.appium.java_client.android.AndroidElement.execute(AndroidElement.java:1)
	at org.openqa.selenium.remote.RemoteWebElement.click(RemoteWebElement.java:85)
	at cn.crazy.appium.page.BasePage.click(BasePage.java:46)
	at cn.crazy.appium.page.BasePage.click(BasePage.java:54)
	at cn.crazy.appium.page.RegPage.regTestCase(RegPage.java:22)
	at cn.crazy.appium.testcases.RegTest1.regCase(RegTest1.java:25)
	at sun.reflect.NativeMethodAccessorImpl.invoke0(Native Method)
	at sun.reflect.NativeMethodAccessorImpl.invoke(NativeMethodAccessorImpl.java:62)
	at sun.reflect.DelegatingMethodAccessorImpl.invoke(DelegatingMethodAccessorImpl.java:43)
	at java.lang.reflect.Method.invoke(Method.java:498)
	at org.testng.internal.MethodInvocationHelper.invokeMethod(MethodInvocationHelper.java:86)
	at org.testng.internal.Invoker.invokeMethod(Invoker.java:643)
	at org.testng.internal.Invoker.invokeTestMethod(Invoker.java:820)
	at org.testng.internal.Invoker.invokeTestMethods(Invoker.java:1128)
	at org.testng.internal.TestMethodWorker.invokeTestMethods(TestMethodWorker.java:129)
	at org.testng.internal.TestMethodWorker.run(TestMethodWorker.java:112)
	at org.testng.TestRunner.privateRun(TestRunner.java:782)
	at org.testng.TestRunner.run(TestRunner.java:632)
	at org.testng.SuiteRunner.runTest(SuiteRunner.java:366)
	at org.testng.SuiteRunner.access$000(SuiteRunner.java:39)
	at org.testng.SuiteRunner$SuiteWorker.run(SuiteRunner.java:400)
	at org.testng.internal.thread.ThreadUtil$2.call(ThreadUtil.java:64)
	at java.util.concurrent.FutureTask.run(FutureTask.java:266)
	at java.util.concurrent.ThreadPoolExecutor.runWorker(ThreadPoolExecutor.java:1142)
	at java.util.concurrent.ThreadPoolExecutor$Worker.run(ThreadPoolExecutor.java:617)
	at java.lang.Thread.run(Thread.java:748)
]]>
    </error>
  </testcase> <!-- regCase -->
</testsuite> <!-- cn.crazy.appium.testcases.RegTest1 -->
