<?xml version="1.0" encoding="UTF-8"?>
<!-- Generated by org.testng.reporters.JUnitReportReporter -->
<testsuite hostname="PC-20170725TZYG" name="cn.crazy.appium.testcases.LoginRegisterCase" tests="23" failures="0" timestamp="4 Dec 2017 07:16:16 GMT" time="1058.037" errors="1">
  <testcase name="forget" time="117.420" classname="cn.crazy.appium.testcases.LoginRegisterCase"/>
  <testcase name="login" time="34.992" classname="cn.crazy.appium.testcases.LoginRegisterCase"/>
  <testcase name="login" time="33.118" classname="cn.crazy.appium.testcases.LoginRegisterCase"/>
  <testcase name="regCase" time="35.451" classname="cn.crazy.appium.testcases.LoginRegisterCase"/>
  <testcase name="forget" time="34.104" classname="cn.crazy.appium.testcases.LoginRegisterCase"/>
  <testcase name="regCase" time="70.560" classname="cn.crazy.appium.testcases.LoginRegisterCase"/>
  <testcase name="regCase" time="36.815" classname="cn.crazy.appium.testcases.LoginRegisterCase"/>
  <testcase name="regCase" time="177.183" classname="cn.crazy.appium.testcases.LoginRegisterCase">
    <error type="java.lang.AssertionError" message="login failure">
      <![CDATA[java.lang.AssertionError: login failure
	at org.testng.Assert.fail(Assert.java:94)
	at cn.crazy.appium.testcases.LoginRegisterCase.regCase(LoginRegisterCase.java:148)
	at sun.reflect.NativeMethodAccessorImpl.invoke0(Native Method)
	at sun.reflect.NativeMethodAccessorImpl.invoke(NativeMethodAccessorImpl.java:62)
	at sun.reflect.DelegatingMethodAccessorImpl.invoke(DelegatingMethodAccessorImpl.java:43)
	at java.lang.reflect.Method.invoke(Method.java:498)
	at org.testng.internal.MethodInvocationHelper.invokeMethod(MethodInvocationHelper.java:84)
	at org.testng.internal.Invoker.invokeMethod(Invoker.java:714)
	at org.testng.internal.Invoker.invokeTestMethod(Invoker.java:901)
	at org.testng.internal.Invoker.invokeTestMethods(Invoker.java:1231)
	at org.testng.internal.TestMethodWorker.invokeTestMethods(TestMethodWorker.java:127)
	at org.testng.internal.TestMethodWorker.run(TestMethodWorker.java:111)
	at org.testng.TestRunner.privateRun(TestRunner.java:767)
	at org.testng.TestRunner.run(TestRunner.java:617)
	at org.testng.SuiteRunner.runTest(SuiteRunner.java:335)
	at org.testng.SuiteRunner.access$000(SuiteRunner.java:37)
	at org.testng.SuiteRunner$SuiteWorker.run(SuiteRunner.java:369)
	at org.testng.internal.thread.ThreadUtil$2.call(ThreadUtil.java:64)
	at java.util.concurrent.FutureTask.run(FutureTask.java:266)
	at java.util.concurrent.ThreadPoolExecutor.runWorker(ThreadPoolExecutor.java:1149)
	at java.util.concurrent.ThreadPoolExecutor$Worker.run(ThreadPoolExecutor.java:624)
	at java.lang.Thread.run(Thread.java:748)
]]>
    </error>
  </testcase> <!-- regCase -->
  <testcase name="login" time="31.957" classname="cn.crazy.appium.testcases.LoginRegisterCase"/>
  <testcase name="forget" time="35.687" classname="cn.crazy.appium.testcases.LoginRegisterCase"/>
  <testcase name="regCase" time="35.200" classname="cn.crazy.appium.testcases.LoginRegisterCase"/>
  <testcase name="forget" time="36.476" classname="cn.crazy.appium.testcases.LoginRegisterCase"/>
  <testcase name="regCase" time="36.381" classname="cn.crazy.appium.testcases.LoginRegisterCase"/>
  <testcase name="login" time="32.377" classname="cn.crazy.appium.testcases.LoginRegisterCase"/>
  <testcase name="forget" time="34.705" classname="cn.crazy.appium.testcases.LoginRegisterCase"/>
  <testcase name="forget" time="35.833" classname="cn.crazy.appium.testcases.LoginRegisterCase"/>
  <testcase name="login" time="32.036" classname="cn.crazy.appium.testcases.LoginRegisterCase"/>
  <testcase name="login" time="32.259" classname="cn.crazy.appium.testcases.LoginRegisterCase"/>
  <testcase name="login" time="32.375" classname="cn.crazy.appium.testcases.LoginRegisterCase"/>
  <testcase name="forget" time="35.035" classname="cn.crazy.appium.testcases.LoginRegisterCase"/>
  <testcase name="forget" time="36.458" classname="cn.crazy.appium.testcases.LoginRegisterCase"/>
  <testcase name="regCase" time="35.955" classname="cn.crazy.appium.testcases.LoginRegisterCase"/>
  <testcase name="regCase" time="35.660" classname="cn.crazy.appium.testcases.LoginRegisterCase"/>
</testsuite> <!-- cn.crazy.appium.testcases.LoginRegisterCase -->
